mioFile1.txt
eeee
1
False
True
1
True
True
mioFile1.txt
www
1
False
False
1
True
True
mioFile1.txt
jjj
1
False
True
1
True
True
mioFile1.txt
444
1
False
False
1
True
False
miofile3.txt
333
1
False
False
1
True
False
miofile3.txt
ggg
1
False
False
1
True
False
miofile3.txt
kkk
1
False
False
1
True
False
miofile3.txt
www
1
False
False
1
True
False
miofile3.txt
results2
1
False
False
1
True
False
mioFile1.txt
rrr
1
False
False
1
True
False
miofile3.txt
dddd3
1
False
False
1
True
False
miofile3.txt
ww
1
False
False
1
True
False
mioFile1.txt
fff
1
False
False
1
True
False
miofile3.txt
7777
1
False
False
1
True
False
miofile3.txt
qqqq
1
False
False
1
True
False
miofile3.txt
www4
1
False
False
1
True
False
miofile3.txt
ss3
1
False
False
1
True
False
miofile3.txt
uuuu
1
False
False
1
True
False
miofile3.txt
qqq
1
False
False
1
True
False
mioFile1.txt
iii
1
False
False
1
True
False
mioFile1.txt
uu8
1
False
False
1
True
False
miofile3.txt
wwww6
1
False
False
1
True
False
mioFile1.txt
cccc666
1
False
False
1
True
False
mioFile1.txt
eeee
1
False
False
1
True
False
miofile3.txt
www
1
False
False
1
True
False
mioFile1.txt
eee
1
False
False
1
True
False
mioFile3.txt.gz
ii8
1
False
False
1
True
False
